{"level":"info","message":"Master 10800 is running","service":"nodejs-app","timestamp":"2026-03-04 01:23:28"}
{"level":"info","message":"Master 10800 executing initialization tasks...","service":"nodejs-app","timestamp":"2026-03-04 01:23:28"}
{"level":"success","message":"Database connected successfully","service":"nodejs-app","timestamp":"2026-03-04 01:23:28"}
{"level":"success","message":"Master process setup complete","service":"nodejs-app","timestamp":"2026-03-04 01:23:28"}
{"level":"success","message":"Master 10800 initialization complete.","service":"nodejs-app","timestamp":"2026-03-04 01:23:28"}
{"level":"info","message":"Forking for 6 CPUs...","service":"nodejs-app","timestamp":"2026-03-04 01:23:28"}
{"level":"success","message":"Main System running on port 3000 | Theme: test2","service":"nodejs-app","timestamp":"2026-03-04 01:23:32"}
{"level":"success","message":"Api System running on port 3001","service":"nodejs-app","timestamp":"2026-03-04 01:23:32"}
{"level":"success","message":"Dashboard System running on port 3002","service":"nodejs-app","timestamp":"2026-03-04 01:23:32"}
{"level":"success","message":"All 6 workers are initialized and ready.","service":"nodejs-app","timestamp":"2026-03-04 01:23:33"}
{"level":"error","message":"[MAIN] GET /favicon.ico → 500: Failed to lookup view \"pages/error/404\" in views directory \"D:\\nodejs\\src\\views\\main\\test2\"","service":"nodejs-app","timestamp":"2026-03-04 01:23:34"}
{"level":"error","message":"[MAIN] GET /sw.js → 500: Failed to lookup view \"pages/error/404\" in views directory \"D:\\nodejs\\src\\views\\main\\test2\"","service":"nodejs-app","timestamp":"2026-03-04 01:23:35"}
{"level":"error","message":"[MAIN] GET /favicon.ico → 500: Failed to lookup view \"pages/error/404\" in views directory \"D:\\nodejs\\src\\views\\main\\test2\"","service":"nodejs-app","timestamp":"2026-03-04 01:23:37"}
{"level":"error","message":"[MAIN] GET /favicon.ico → 500: Failed to lookup view \"pages/error/404\" in views directory \"D:\\nodejs\\src\\views\\main\\test2\"","service":"nodejs-app","timestamp":"2026-03-04 01:23:38"}
{"level":"error","message":"[MAIN] GET /sw.js → 500: Failed to lookup view \"pages/error/404\" in views directory \"D:\\nodejs\\src\\views\\main\\test2\"","service":"nodejs-app","timestamp":"2026-03-04 01:23:39"}
{"level":"error","message":"[MAIN] GET /sw.js → 500: Failed to lookup view \"pages/error/404\" in views directory \"D:\\nodejs\\src\\views\\main\\test2\"","service":"nodejs-app","timestamp":"2026-03-04 01:23:40"}
{"level":"error","message":"[MAIN] GET /favicon.ico → 500: Failed to lookup view \"pages/error/404\" in views directory \"D:\\nodejs\\src\\views\\main\\test2\"","service":"nodejs-app","timestamp":"2026-03-04 01:23:40"}
{"level":"error","message":"[MAIN] GET /sw.js → 500: Failed to lookup view \"pages/error/404\" in views directory \"D:\\nodejs\\src\\views\\main\\test2\"","service":"nodejs-app","timestamp":"2026-03-04 01:23:41"}
{"level":"info","message":"Worker 4504 shutting down...","service":"nodejs-app","timestamp":"2026-03-04 01:23:49"}
{"level":"info","message":"Worker 18904 shutting down...","service":"nodejs-app","timestamp":"2026-03-04 01:23:49"}
{"level":"warn","message":"Master received SIGINT. Starting graceful shutdown...","service":"nodejs-app","timestamp":"2026-03-04 01:23:49"}
{"level":"info","message":"Worker 8856 shutting down...","service":"nodejs-app","timestamp":"2026-03-04 01:23:49"}
{"level":"info","message":"Worker 18756 shutting down...","service":"nodejs-app","timestamp":"2026-03-04 01:23:49"}
{"level":"info","message":"Worker 6444 shutting down...","service":"nodejs-app","timestamp":"2026-03-04 01:23:49"}
{"level":"info","message":"Worker 12300 shutting down...","service":"nodejs-app","timestamp":"2026-03-04 01:23:49"}
{"level":"info","message":"Worker 18904 shutting down...","service":"nodejs-app","timestamp":"2026-03-04 01:23:49"}
{"level":"info","message":"Worker 4504 shutting down...","service":"nodejs-app","timestamp":"2026-03-04 01:23:49"}
{"level":"info","message":"Master 14000 is running","service":"nodejs-app","timestamp":"2026-03-04 01:23:51"}
{"level":"info","message":"Master 14000 executing initialization tasks...","service":"nodejs-app","timestamp":"2026-03-04 01:23:51"}
{"level":"success","message":"Database connected successfully","service":"nodejs-app","timestamp":"2026-03-04 01:23:51"}
{"level":"success","message":"Master process setup complete","service":"nodejs-app","timestamp":"2026-03-04 01:23:51"}
{"level":"success","message":"Master 14000 initialization complete.","service":"nodejs-app","timestamp":"2026-03-04 01:23:51"}
{"level":"info","message":"Forking for 6 CPUs...","service":"nodejs-app","timestamp":"2026-03-04 01:23:51"}
{"level":"success","message":"Main System running on port 3000 | Theme: test1","service":"nodejs-app","timestamp":"2026-03-04 01:23:54"}
{"level":"success","message":"Api System running on port 3001","service":"nodejs-app","timestamp":"2026-03-04 01:23:54"}
{"level":"success","message":"Dashboard System running on port 3002","service":"nodejs-app","timestamp":"2026-03-04 01:23:54"}
{"level":"error","message":"[MAIN] GET /favicon.ico → 500: Failed to lookup view \"pages/error/404\" in views directory \"D:\\nodejs\\src\\views\\main\\test1\"","service":"nodejs-app","timestamp":"2026-03-04 01:23:54"}
{"level":"success","message":"All 6 workers are initialized and ready.","service":"nodejs-app","timestamp":"2026-03-04 01:23:54"}
{"level":"error","message":"[MAIN] GET /sw.js → 500: Failed to lookup view \"pages/error/404\" in views directory \"D:\\nodejs\\src\\views\\main\\test1\"","service":"nodejs-app","timestamp":"2026-03-04 01:23:56"}
{"level":"warn","message":"Master received SIGINT. Starting graceful shutdown...","service":"nodejs-app","timestamp":"2026-03-04 01:23:59"}
{"level":"info","message":"Worker 17488 shutting down...","service":"nodejs-app","timestamp":"2026-03-04 01:23:59"}
{"level":"info","message":"Worker 20464 shutting down...","service":"nodejs-app","timestamp":"2026-03-04 01:23:59"}
{"level":"info","message":"Worker 18720 shutting down...","service":"nodejs-app","timestamp":"2026-03-04 01:23:59"}
{"level":"info","message":"Worker 2444 shutting down...","service":"nodejs-app","timestamp":"2026-03-04 01:23:59"}
{"level":"info","message":"Worker 21720 shutting down...","service":"nodejs-app","timestamp":"2026-03-04 01:23:59"}
{"level":"info","message":"Worker 2452 shutting down...","service":"nodejs-app","timestamp":"2026-03-04 01:23:59"}
{"level":"info","message":"Worker 2444 shutting down...","service":"nodejs-app","timestamp":"2026-03-04 01:23:59"}
{"level":"info","message":"Master 20020 is running","service":"nodejs-app","timestamp":"2026-03-04 01:24:01"}
{"level":"info","message":"Master 20020 executing initialization tasks...","service":"nodejs-app","timestamp":"2026-03-04 01:24:01"}
{"level":"success","message":"Database connected successfully","service":"nodejs-app","timestamp":"2026-03-04 01:24:01"}
{"level":"success","message":"Master process setup complete","service":"nodejs-app","timestamp":"2026-03-04 01:24:01"}
{"level":"success","message":"Master 20020 initialization complete.","service":"nodejs-app","timestamp":"2026-03-04 01:24:01"}
{"level":"info","message":"Forking for 6 CPUs...","service":"nodejs-app","timestamp":"2026-03-04 01:24:01"}
{"level":"success","message":"Main System running on port 3000 | Theme: test3","service":"nodejs-app","timestamp":"2026-03-04 01:24:05"}
{"level":"success","message":"All 6 workers are initialized and ready.","service":"nodejs-app","timestamp":"2026-03-04 01:24:05"}
{"level":"success","message":"Api System running on port 3001","service":"nodejs-app","timestamp":"2026-03-04 01:24:05"}
{"level":"success","message":"Dashboard System running on port 3002","service":"nodejs-app","timestamp":"2026-03-04 01:24:05"}
{"level":"error","message":"[MAIN] GET /favicon.ico → 500: Failed to lookup view \"pages/error/404\" in views directory \"D:\\nodejs\\src\\views\\main\\test3\"","service":"nodejs-app","timestamp":"2026-03-04 01:24:07"}
{"level":"error","message":"[MAIN] GET /sw.js → 500: Failed to lookup view \"pages/error/404\" in views directory \"D:\\nodejs\\src\\views\\main\\test3\"","service":"nodejs-app","timestamp":"2026-03-04 01:24:08"}
{"level":"warn","message":"API Access Denied (IP): ::1 for Key: 699349090055c88cae0eca4a","service":"nodejs-app","timestamp":"2026-03-04 01:24:59"}
{"level":"warn","message":"API Access Denied (IP): ::1 for Key: 699349090055c88cae0eca4a","service":"nodejs-app","timestamp":"2026-03-04 01:25:20"}
{"level":"info","message":"Worker 16136 shutting down...","service":"nodejs-app","timestamp":"2026-03-04 01:26:33"}
{"level":"info","message":"Worker 20444 shutting down...","service":"nodejs-app","timestamp":"2026-03-04 01:26:33"}
{"level":"info","message":"Worker 6596 shutting down...","service":"nodejs-app","timestamp":"2026-03-04 01:26:33"}
{"level":"warn","message":"Master received SIGINT. Starting graceful shutdown...","service":"nodejs-app","timestamp":"2026-03-04 01:26:33"}
{"level":"info","message":"Worker 15692 shutting down...","service":"nodejs-app","timestamp":"2026-03-04 01:26:33"}
{"level":"info","message":"Worker 8856 shutting down...","service":"nodejs-app","timestamp":"2026-03-04 01:26:33"}
{"level":"info","message":"Worker 11636 shutting down...","service":"nodejs-app","timestamp":"2026-03-04 01:26:33"}
{"level":"info","message":"Worker 11636 shutting down...","service":"nodejs-app","timestamp":"2026-03-04 01:26:33"}
